<?xml version="1.0" encoding="UTF-8"?>
<!-- Generated by org.testng.reporters.JUnitReportReporter -->
<testsuite hostname="LAPTOP-T5NMQG5H" failures="0" tests="5" name="seleniumproject.TestNgprorities" time="0.013" errors="0" timestamp="2022-11-14T11:03:31 IST" skipped="0">
  <testcase classname="seleniumproject.TestNgprorities" name="login" time="0.009"/>
  <system-out/>
  <testcase classname="seleniumproject.TestNgprorities" name="registerAccount" time="0.001"/>
  <system-out/>
  <testcase classname="seleniumproject.TestNgprorities" name="openBrowser" time="0.001"/>
  <system-out/>
  <testcase classname="seleniumproject.TestNgprorities" name="logOut" time="0.001"/>
  <system-out/>
  <testcase classname="seleniumproject.TestNgprorities" name="sendEmail" time="0.001"/>
  <system-out/>
</testsuite> <!-- seleniumproject.TestNgprorities -->
