<?xml version="1.0" encoding="UTF-8"?>
<!-- Generated by org.testng.reporters.JUnitReportReporter -->
<testsuite hostname="LAPTOP-T5NMQG5H" failures="0" tests="2" name="seleniumproject.TestNgAnnotations" time="0.007" errors="0" timestamp="2022-12-15T12:50:20 IST" skipped="1">
  <testcase classname="seleniumproject.TestNgAnnotations" name="testCase2" time="0.007"/>
  <system-out/>
  <testcase classname="seleniumproject.TestNgAnnotations" name="testCase1">
    <skipped/>
  </testcase> <!-- testCase1 -->
  <system-out/>
</testsuite> <!-- seleniumproject.TestNgAnnotations -->
